<?xml version="1.0" encoding="UTF-8"?>
<!-- Generated by org.testng.reporters.JUnitReportReporter -->
<testsuite hostname="Radhika_Sreelan" failures="0" tests="1" name="testpkg.Fbcreatetest" time="11.003" errors="0" timestamp="2024-01-03T11:17:44 CET" skipped="0">
  <testcase classname="testpkg.Fbcreatetest" name="testlogin" time="11.003"/>
  <system-out/>
</testsuite> <!-- testpkg.Fbcreatetest -->
