<?xml version="1.0" encoding="UTF-8"?>
<!-- Generated by org.testng.reporters.JUnitReportReporter -->
<testsuite hostname="Radhika_Sreelan" failures="0" tests="1" name="testngpkg.Guru" time="6.611" errors="0" timestamp="2023-12-15T11:16:35 CET" skipped="0">
  <testcase classname="testngpkg.Guru" name="test" time="6.611"/>
  <system-out/>
</testsuite> <!-- testngpkg.Guru -->
