<?xml version="1.0" encoding="UTF-8"?>
<!-- Generated by org.testng.reporters.JUnitReportReporter -->
<testsuite hostname="Radhika_Sreelan" failures="0" tests="1" name="testngpkg.Fileuploadpgm" time="3.231" errors="0" timestamp="2023-12-22T12:32:31 CET" skipped="0">
  <testcase classname="testngpkg.Fileuploadpgm" name="test" time="3.231"/>
  <system-out/>
</testsuite> <!-- testngpkg.Fileuploadpgm -->
