<?xml version="1.0" encoding="UTF-8"?>
<!-- Generated by org.testng.reporters.JUnitReportReporter -->
<testsuite hostname="Radhika_Sreelan" failures="0" tests="1" name="testngpkg.Datadriven" time="23.200" errors="0" timestamp="2023-12-28T12:32:58 CET" skipped="0">
  <testcase classname="testngpkg.Datadriven" name="datadriven" time="23.200"/>
  <system-out/>
</testsuite> <!-- testngpkg.Datadriven -->
