<?xml version="1.0" encoding="UTF-8"?>
<!-- Generated by org.testng.reporters.JUnitReportReporter -->
<testsuite hostname="Radhika_Sreelan" failures="0" tests="5" name="testngpkg.Testingdemo" time="0.034" errors="0" timestamp="2023-12-08T12:25:16 CET" skipped="1">
  <testcase classname="testngpkg.Testingdemo" name="test3" time="0.011"/>
  <system-out/>
  <testcase classname="testngpkg.Testingdemo" name="test1" time="0.007"/>
  <system-out/>
  <testcase classname="testngpkg.Testingdemo" name="test1" time="0.007"/>
  <system-out/>
  <testcase classname="testngpkg.Testingdemo" name="test1" time="0.009"/>
  <system-out/>
  <testcase classname="testngpkg.Testingdemo" name="test2">
    <skipped/>
  </testcase> <!-- test2 -->
  <system-out/>
</testsuite> <!-- testngpkg.Testingdemo -->
