<?xml version="1.0" encoding="UTF-8"?>
<!-- Generated by org.testng.reporters.JUnitReportReporter -->
<testsuite hostname="Radhika_Sreelan" failures="0" tests="1" name="testngpkg.Draganddrop" time="3.465" errors="0" timestamp="2023-12-15T12:53:41 CET" skipped="0">
  <testcase classname="testngpkg.Draganddrop" name="test" time="3.465"/>
  <system-out/>
</testsuite> <!-- testngpkg.Draganddrop -->
