<?xml version="1.0" encoding="UTF-8"?>
<!-- Generated by org.testng.reporters.JUnitReportReporter -->
<testsuite hostname="Radhika_Sreelan" failures="0" tests="1" name="herbatest.Herbalhealthtest" time="9.474" errors="0" timestamp="2024-01-03T12:51:16 CET" skipped="0">
  <testcase classname="herbatest.Herbalhealthtest" name="testclass" time="9.474"/>
  <system-out/>
</testsuite> <!-- herbatest.Herbalhealthtest -->
