<?xml version="1.0" encoding="UTF-8"?>
<!-- Generated by org.testng.reporters.JUnitReportReporter -->
<testsuite hostname="Radhika_Sreelan" failures="0" tests="1" name="herbatest.Herbalogintest" time="4.190" errors="0" timestamp="2024-01-03T12:51:16 CET" skipped="0">
  <testcase classname="herbatest.Herbalogintest" name="testclass" time="4.190"/>
  <system-out/>
</testsuite> <!-- herbatest.Herbalogintest -->
