<?xml version="1.0" encoding="UTF-8"?>
<!-- Generated by org.testng.reporters.JUnitReportReporter -->
<testsuite hostname="Radhika_Sreelan" failures="0" tests="1" name="testngpkg.Amazonwork" time="10.808" errors="0" timestamp="2023-12-22T11:29:18 CET" skipped="0">
  <testcase classname="testngpkg.Amazonwork" name="test" time="10.808"/>
  <system-out/>
</testsuite> <!-- testngpkg.Amazonwork -->
