<?xml version="1.0" encoding="UTF-8"?>
<!-- Generated by org.testng.reporters.JUnitReportReporter -->
<testsuite hostname="Radhika_Sreelan" failures="0" tests="3" name="testngpkg.Automationsite" time="5.280" errors="0" timestamp="2023-12-08T12:47:16 CET" skipped="0">
  <testcase classname="testngpkg.Automationsite" name="linkcount" time="0.039"/>
  <system-out/>
  <testcase classname="testngpkg.Automationsite" name="atitle" time="0.015"/>
  <system-out/>
  <testcase classname="testngpkg.Automationsite" name="signup" time="5.226"/>
  <system-out/>
</testsuite> <!-- testngpkg.Automationsite -->
