<?xml version="1.0" encoding="UTF-8"?>
<!-- Generated by org.testng.reporters.JUnitReportReporter -->
<testsuite hostname="Radhika_Sreelan" failures="0" tests="1" name="testngpkg.Copypaste" time="0.540" errors="0" timestamp="2023-12-14T11:45:40 CET" skipped="0">
  <testcase classname="testngpkg.Copypaste" name="test" time="0.540"/>
  <system-out/>
</testsuite> <!-- testngpkg.Copypaste -->
