<?xml version="1.0" encoding="UTF-8"?>
<!-- Generated by org.testng.reporters.JUnitReportReporter -->
<testsuite hostname="Radhika_Sreelan" failures="0" tests="3" name="testngpkg.Crossbrowsertesting" time="5.745" errors="0" timestamp="2023-12-15T12:13:01 CET" skipped="0">
  <testcase classname="testngpkg.Crossbrowsertesting" name="test" time="2.502"/>
  <system-out/>
  <testcase classname="testngpkg.Crossbrowsertesting" name="test" time="0.902"/>
  <system-out/>
  <testcase classname="testngpkg.Crossbrowsertesting" name="test" time="2.341"/>
  <system-out/>
</testsuite> <!-- testngpkg.Crossbrowsertesting -->
