<?xml version="1.0" encoding="UTF-8"?>
<!-- Generated by org.testng.reporters.JUnitReportReporter -->
<testsuite hostname="Radhika_Sreelan" failures="0" tests="1" name="testngpkg.Datepicker" time="3.847" errors="0" timestamp="2023-12-20T12:19:28 CET" skipped="0">
  <testcase classname="testngpkg.Datepicker" name="test" time="3.847"/>
  <system-out/>
</testsuite> <!-- testngpkg.Datepicker -->
