<?xml version="1.0" encoding="UTF-8"?>
<!-- Generated by org.testng.reporters.JUnitReportReporter -->
<testsuite hostname="Radhika_Sreelan" failures="0" tests="1" name="testngpkg.Windowhandler" time="7.943" errors="0" timestamp="2023-12-21T13:34:18 CET" skipped="0">
  <testcase classname="testngpkg.Windowhandler" name="test" time="7.943"/>
  <system-out/>
</testsuite> <!-- testngpkg.Windowhandler -->
